#
# There is insufficient memory for the Java Runtime Environment to continue.
# Native memory allocation (malloc) failed to allocate 1048576 bytes for AllocateHeap
# Possible reasons:
#   The system is out of physical RAM or swap space
#   In 32 bit mode, the process size limit was hit
# Possible solutions:
#   Reduce memory load on the system
#   Increase physical memory or swap space
#   Check if swap backing store is full
#   Use 64 bit Java on a 64 bit OS
#   Decrease Java heap size (-Xmx/-Xms)
#   Decrease number of Java threads
#   Decrease Java thread stack sizes (-Xss)
#   Set larger code cache with -XX:ReservedCodeCacheSize=
# This output file may be truncated or incomplete.
#
#  Out of Memory Error (memory/allocation.inline.hpp:61), pid=15468, tid=15732
#
# JRE version:  (8.0_91-b15) (build )
# Java VM: Java HotSpot(TM) 64-Bit Server VM (25.91-b15 mixed mode windows-amd64 compressed oops)
# Failed to write core dump. Minidumps are not enabled by default on client versions of Windows
#

---------------  T H R E A D  ---------------

Current thread (0x0000000002cd0800):  JavaThread "Unknown thread" [_thread_in_vm, id=15732, stack(0x0000000002bb0000,0x0000000002cb0000)]

Stack: [0x0000000002bb0000,0x0000000002cb0000]
[error occurred during error reporting (printing stack bounds), id 0xc0000005]

Native frames: (J=compiled Java code, j=interpreted, Vv=VM code, C=native code)


---------------  P R O C E S S  ---------------

Java Threads: ( => current thread )

Other Threads:

=>0x0000000002cd0800 (exited) JavaThread "Unknown thread" [_thread_in_vm, id=15732, stack(0x0000000002bb0000,0x0000000002cb0000)]

VM state:not at safepoint (normal execution)

VM Mutex/Monitor currently owned by a thread: None

Heap:
 PSYoungGen      total 18944K, used 327K [0x00000000eb180000, 0x00000000ec680000, 0x0000000100000000)
  eden space 16384K, 2% used [0x00000000eb180000,0x00000000eb1d1ec8,0x00000000ec180000)
  from space 2560K, 0% used [0x00000000ec400000,0x00000000ec400000,0x00000000ec680000)
  to   space 2560K, 0% used [0x00000000ec180000,0x00000000ec180000,0x00000000ec400000)
 ParOldGen       total 44032K, used 0K [0x00000000c1400000, 0x00000000c3f00000, 0x00000000eb180000)
  object space 44032K, 0% used [0x00000000c1400000,0x00000000c1400000,0x00000000c3f00000)
 Metaspace       used 746K, capacity 4480K, committed 4480K, reserved 1056768K
  class space    used 75K, capacity 384K, committed 384K, reserved 1048576K

Card table byte_map: [0x0000000012190000,0x0000000012390000] byte_map_base: 0x0000000011b86000

Marking Bits: (ParMarkBitMap*) 0x0000000064952f70
 Begin Bits: [0x00000000128e0000, 0x0000000013890000)
 End Bits:   [0x0000000013890000, 0x0000000014840000)

Polling page: 0x0000000001110000

CodeCache: size=245760Kb used=328Kb max_used=328Kb free=245431Kb
 bounds [0x0000000002dd0000, 0x0000000003040000, 0x0000000011dd0000]
 total_blobs=58 nmethods=0 adapters=38
 compilation: enabled

Compilation events (0 events):
No events

GC Heap History (0 events):
No events

Deoptimization events (0 events):
No events

Internal exceptions (0 events):
No events

Events (10 events):
Event: 0.106 loading class java/lang/Short
Event: 0.106 loading class java/lang/Short done
Event: 0.106 loading class java/lang/Integer
Event: 0.106 loading class java/lang/Integer done
Event: 0.106 loading class java/lang/Long
Event: 0.107 loading class java/lang/Long done
Event: 0.108 loading class java/lang/NullPointerException
Event: 0.108 loading class java/lang/NullPointerException done
Event: 0.108 loading class java/lang/ArithmeticException
Event: 0.109 loading class java/lang/ArithmeticException done


Dynamic libraries:
0x00007ff673ba0000 - 0x00007ff673bd7000 	C:\Program Files\Java\jre1.8.0_91\bin\javaw.exe
0x00007ffc4f880000 - 0x00007ffc4fa41000 	C:\windows\SYSTEM32\ntdll.dll
0x00007ffc4cc80000 - 0x00007ffc4cd2d000 	C:\windows\system32\KERNEL32.DLL
0x00007ffc4c310000 - 0x00007ffc4c4f8000 	C:\windows\system32\KERNELBASE.dll
0x00007ffc4f340000 - 0x00007ffc4f3e7000 	C:\windows\system32\ADVAPI32.dll
0x00007ffc4f3f0000 - 0x00007ffc4f48d000 	C:\windows\system32\msvcrt.dll
0x00007ffc4f670000 - 0x00007ffc4f6cb000 	C:\windows\system32\sechost.dll
0x00007ffc4ce80000 - 0x00007ffc4cf9c000 	C:\windows\system32\RPCRT4.dll
0x00007ffc4f720000 - 0x00007ffc4f876000 	C:\windows\system32\USER32.dll
0x00007ffc4f0e0000 - 0x00007ffc4f266000 	C:\windows\system32\GDI32.dll
0x00007ffc47170000 - 0x00007ffc473e4000 	C:\windows\WinSxS\amd64_microsoft.windows.common-controls_6595b64144ccf1df_6.0.10586.494_none_a2d8b04ea53e3145\COMCTL32.dll
0x00007ffc4ee60000 - 0x00007ffc4f0dd000 	C:\windows\system32\combase.dll
0x00007ffc4cc10000 - 0x00007ffc4cc7a000 	C:\windows\system32\bcryptPrimitives.dll
0x00007ffc4f6e0000 - 0x00007ffc4f71b000 	C:\windows\system32\IMM32.DLL
0x0000000063eb0000 - 0x0000000063f82000 	C:\Program Files\Java\jre1.8.0_91\bin\msvcr100.dll
0x0000000064140000 - 0x00000000649d3000 	C:\Program Files\Java\jre1.8.0_91\bin\server\jvm.dll
0x00007ffc4f4a0000 - 0x00007ffc4f4a8000 	C:\windows\system32\PSAPI.DLL
0x00007ffc49520000 - 0x00007ffc49529000 	C:\windows\SYSTEM32\WSOCK32.dll
0x00007ffc4f2d0000 - 0x00007ffc4f33b000 	C:\windows\system32\WS2_32.dll
0x00007ffc4a5d0000 - 0x00007ffc4a5f3000 	C:\windows\SYSTEM32\WINMM.dll
0x00007ffc45620000 - 0x00007ffc4562a000 	C:\windows\SYSTEM32\VERSION.dll
0x00007ffc4a570000 - 0x00007ffc4a59c000 	C:\windows\SYSTEM32\WINMMBASE.dll
0x00007ffc4bfc0000 - 0x00007ffc4c003000 	C:\windows\system32\cfgmgr32.dll
0x0000000064050000 - 0x000000006405f000 	C:\Program Files\Java\jre1.8.0_91\bin\verify.dll
0x0000000064020000 - 0x0000000064049000 	C:\Program Files\Java\jre1.8.0_91\bin\java.dll
0x0000000064000000 - 0x0000000064016000 	C:\Program Files\Java\jre1.8.0_91\bin\zip.dll

VM Arguments:
jvm_args: -Dfile.encoding=Cp1252 
java_command: EG
java_class_path (initial): C:\Users\menil\workspace\Homepage\bin
Launcher Type: SUN_STANDARD

Environment Variables:
PATH=C:/Program Files/Java/jre1.8.0_91/bin/server;C:/Program Files/Java/jre1.8.0_91/bin;C:/Program Files/Java/jre1.8.0_91/lib/amd64;C:\ProgramData\Oracle\Java\javapath;C:\Program Files (x86)\Intel\iCLS Client\;C:\Program Files\Intel\iCLS Client\;C:\windows\system32;C:\windows;C:\windows\System32\Wbem;C:\windows\System32\WindowsPowerShell\v1.0\;C:\Program Files (x86)\Intel\Intel(R) Management Engine Components\DAL;C:\Program Files\Intel\Intel(R) Management Engine Components\DAL;C:\Program Files (x86)\Intel\Intel(R) Management Engine Components\IPT;C:\Program Files\Intel\Intel(R) Management Engine Components\IPT;C:\Program Files\Java\jdk1.8.0_91\bin;C:\Users\menil\Desktop\eclipse;
USERNAME=menil
OS=Windows_NT
PROCESSOR_IDENTIFIER=Intel64 Family 6 Model 61 Stepping 4, GenuineIntel



---------------  S Y S T E M  ---------------

OS: Windows 10.0 , 64 bit Build 10586 (10.0.10586.0)

CPU:total 4 (2 cores per cpu, 2 threads per core) family 6 model 61 stepping 4, cmov, cx8, fxsr, mmx, sse, sse2, sse3, ssse3, sse4.1, sse4.2, popcnt, avx, avx2, aes, clmul, erms, 3dnowpref, lzcnt, ht, tsc, tscinvbit, bmi1, bmi2, adx

Memory: 4k page, physical 4107660k(717176k free), swap 16690572k(5940k free)

vm_info: Java HotSpot(TM) 64-Bit Server VM (25.91-b15) for windows-amd64 JRE (1.8.0_91-b15), built on May 20 2016 17:43:15 by "java_re" with MS VC++ 10.0 (VS2010)

time: Sat Jan 28 00:11:25 2017
elapsed time: 0 seconds (0d 0h 0m 0s)

